<?xml version="1.0" encoding="UTF-8"?>
<coverage generated="1575582145254" clover="3.2.0">
  <project timestamp="1575582145254" name="All files">
    <metrics statements="19" coveredstatements="19" conditionals="10" coveredconditionals="10" methods="4" coveredmethods="4" elements="33" coveredelements="33" complexity="0" loc="19" ncloc="19" packages="1" files="2" classes="2"/>
    <file name="pagination.js" path="Z:\OSPanel\domains\test-jest\src\js\pagination.js">
      <metrics statements="18" coveredstatements="18" conditionals="10" coveredconditionals="10" methods="3" coveredmethods="3"/>
      <line num="2" count="1" type="stmt"/>
      <line num="3" count="34" type="stmt"/>
      <line num="4" count="34" type="cond" truecount="2" falsecount="0"/>
      <line num="5" count="34" type="cond" truecount="2" falsecount="0"/>
      <line num="7" count="34" type="stmt"/>
      <line num="8" count="34" type="stmt"/>
      <line num="9" count="34" type="cond" truecount="2" falsecount="0"/>
      <line num="10" count="14" type="stmt"/>
      <line num="11" count="14" type="stmt"/>
      <line num="14" count="34" type="cond" truecount="2" falsecount="0"/>
      <line num="15" count="13" type="stmt"/>
      <line num="16" count="13" type="stmt"/>
      <line num="19" count="34" type="cond" truecount="2" falsecount="0"/>
      <line num="20" count="34" type="stmt"/>
      <line num="23" count="1" type="stmt"/>
      <line num="24" count="10" type="stmt"/>
      <line num="27" count="1" type="stmt"/>
      <line num="28" count="3" type="stmt"/>
    </file>
    <file name="sum.js" path="Z:\OSPanel\domains\test-jest\src\js\sum.js">
      <metrics statements="1" coveredstatements="1" conditionals="0" coveredconditionals="0" methods="1" coveredmethods="1"/>
      <line num="2" count="3" type="stmt"/>
    </file>
  </project>
</coverage>
