{"Z:\\OSPanel\\domains\\test-jest\\src\\js\\pagination.js": {"path":"Z:\\OSPanel\\domains\\test-jest\\src\\js\\pagination.js","statementMap":{"0":{"start":{"line":2,"column":30},"end":{"line":21,"column":1}},"1":{"start":{"line":3,"column":22},"end":{"line":3,"column":37}},"2":{"start":{"line":4,"column":4},"end":{"line":4,"column":43}},"3":{"start":{"line":4,"column":26},"end":{"line":4,"column":42}},"4":{"start":{"line":5,"column":4},"end":{"line":5,"column":59}},"5":{"start":{"line":5,"column":34},"end":{"line":5,"column":58}},"6":{"start":{"line":7,"column":20},"end":{"line":7,"column":47}},"7":{"start":{"line":8,"column":21},"end":{"line":8,"column":44}},"8":{"start":{"line":9,"column":4},"end":{"line":12,"column":5}},"9":{"start":{"line":10,"column":8},"end":{"line":10,"column":36}},"10":{"start":{"line":11,"column":8},"end":{"line":11,"column":22}},"11":{"start":{"line":14,"column":4},"end":{"line":17,"column":5}},"12":{"start":{"line":15,"column":8},"end":{"line":15,"column":44}},"13":{"start":{"line":16,"column":8},"end":{"line":16,"column":31}},"14":{"start":{"line":19,"column":4},"end":{"line":19,"column":46}},"15":{"start":{"line":20,"column":4},"end":{"line":20,"column":49}},"16":{"start":{"line":23,"column":27},"end":{"line":25,"column":1}},"17":{"start":{"line":24,"column":8},"end":{"line":24,"column":50}},"18":{"start":{"line":27,"column":25},"end":{"line":29,"column":1}},"19":{"start":{"line":28,"column":4},"end":{"line":28,"column":36}}},"fnMap":{"0":{"name":"(anonymous_0)","decl":{"start":{"line":2,"column":30},"end":{"line":2,"column":31}},"loc":{"start":{"line":2,"column":68},"end":{"line":21,"column":1}},"line":2},"1":{"name":"(anonymous_1)","decl":{"start":{"line":23,"column":27},"end":{"line":23,"column":28}},"loc":{"start":{"line":23,"column":52},"end":{"line":25,"column":1}},"line":23},"2":{"name":"(anonymous_2)","decl":{"start":{"line":27,"column":25},"end":{"line":27,"column":26}},"loc":{"start":{"line":27,"column":43},"end":{"line":29,"column":1}},"line":27}},"branchMap":{"0":{"loc":{"start":{"line":4,"column":4},"end":{"line":4,"column":43}},"type":"if","locations":[{"start":{"line":4,"column":4},"end":{"line":4,"column":43}},{"start":{"line":4,"column":4},"end":{"line":4,"column":43}}],"line":4},"1":{"loc":{"start":{"line":5,"column":4},"end":{"line":5,"column":59}},"type":"if","locations":[{"start":{"line":5,"column":4},"end":{"line":5,"column":59}},{"start":{"line":5,"column":4},"end":{"line":5,"column":59}}],"line":5},"2":{"loc":{"start":{"line":9,"column":4},"end":{"line":12,"column":5}},"type":"if","locations":[{"start":{"line":9,"column":4},"end":{"line":12,"column":5}},{"start":{"line":9,"column":4},"end":{"line":12,"column":5}}],"line":9},"3":{"loc":{"start":{"line":14,"column":4},"end":{"line":17,"column":5}},"type":"if","locations":[{"start":{"line":14,"column":4},"end":{"line":17,"column":5}},{"start":{"line":14,"column":4},"end":{"line":17,"column":5}}],"line":14},"4":{"loc":{"start":{"line":19,"column":16},"end":{"line":19,"column":45}},"type":"cond-expr","locations":[{"start":{"line":19,"column":32},"end":{"line":19,"column":33}},{"start":{"line":19,"column":36},"end":{"line":19,"column":45}}],"line":19}},"s":{"0":1,"1":34,"2":34,"3":2,"4":34,"5":3,"6":34,"7":34,"8":34,"9":14,"10":14,"11":34,"12":13,"13":13,"14":34,"15":34,"16":1,"17":10,"18":1,"19":3},"f":{"0":34,"1":10,"2":3},"b":{"0":[2,32],"1":[3,31],"2":[14,20],"3":[13,21],"4":[4,30]},"_coverageSchema":"43e27e138ebf9cfc5966b082cf9a028302ed4184","hash":"29ccd53bba46be2304a0517f8a8b047fe4b0f7e6"}
,"Z:\\OSPanel\\domains\\test-jest\\src\\js\\sum.js": {"path":"Z:\\OSPanel\\domains\\test-jest\\src\\js\\sum.js","statementMap":{"0":{"start":{"line":2,"column":4},"end":{"line":2,"column":17}}},"fnMap":{"0":{"name":"sum","decl":{"start":{"line":1,"column":16},"end":{"line":1,"column":19}},"loc":{"start":{"line":1,"column":26},"end":{"line":3,"column":1}},"line":1}},"branchMap":{},"s":{"0":3},"f":{"0":3},"b":{},"_coverageSchema":"43e27e138ebf9cfc5966b082cf9a028302ed4184","hash":"8bcb80ffe6e0a0a57455935df7543dc4a0ef5bba"}
}
