TN:
SF:Z:\OSPanel\domains\test-jest\src\js\pagination.js
FN:2,(anonymous_0)
FN:23,(anonymous_1)
FN:27,(anonymous_2)
FNF:3
FNH:3
FNDA:34,(anonymous_0)
FNDA:10,(anonymous_1)
FNDA:3,(anonymous_2)
DA:2,1
DA:3,34
DA:4,34
DA:5,34
DA:7,34
DA:8,34
DA:9,34
DA:10,14
DA:11,14
DA:14,34
DA:15,13
DA:16,13
DA:19,34
DA:20,34
DA:23,1
DA:24,10
DA:27,1
DA:28,3
LF:18
LH:18
BRDA:4,0,0,2
BRDA:4,0,1,32
BRDA:5,1,0,3
BRDA:5,1,1,31
BRDA:9,2,0,14
BRDA:9,2,1,20
BRDA:14,3,0,13
BRDA:14,3,1,21
BRDA:19,4,0,4
BRDA:19,4,1,30
BRF:10
BRH:10
end_of_record
TN:
SF:Z:\OSPanel\domains\test-jest\src\js\sum.js
FN:1,sum
FNF:1
FNH:1
FNDA:3,sum
DA:2,3
LF:1
LH:1
BRF:0
BRH:0
end_of_record
